
Showing logs for build [32mcb-kubecd-bdd-nh-1582202614-mas-4fhlr-2[0m stage [32mfrom-build-pack[0m and container [32mstep-credential-initializer-xh2z4[0m
{"level":"warn","ts":1582202825.8002532,"logger":"fallback-logger","caller":"logging/config.go:69","msg":"Fetch GitHub commit ID from kodata failed: \"ref: refs/heads/0.8.0-**-support-backwards-incompats\" is not a valid GitHub commit ID"}
{"level":"info","ts":1582202825.8007596,"logger":"fallback-logger","caller":"creds-init/main.go:40","msg":"Credentials initialized."}

Showing logs for build [32mcb-kubecd-bdd-nh-1582202614-mas-4fhlr-2[0m stage [32mfrom-build-pack[0m and container [32mstep-working-dir-initializer-p8rpq[0m
{"level":"warn","ts":1582202827.0938463,"logger":"fallback-logger","caller":"logging/config.go:69","msg":"Fetch GitHub commit ID from kodata failed: open /var/run/ko/HEAD: no such file or directory"}
{"level":"info","ts":1582202827.0978408,"logger":"fallback-logger","caller":"bash/main.go:64","msg":"Successfully executed command \"sh -c mkdir -p /workspace/source\"; output "}

Showing logs for build [32mcb-kubecd-bdd-nh-1582202614-mas-4fhlr-2[0m stage [32mfrom-build-pack[0m and container [32mstep-place-tools[0m

Showing logs for build [32mcb-kubecd-bdd-nh-1582202614-mas-4fhlr-2[0m stage [32mfrom-build-pack[0m and container [32mstep-git-source-cb-kubecd-bdd-nh-1582202614-mas-4fhlr-pgnlr[0m
{"level":"warn","ts":1582202883.1792579,"logger":"fallback-logger","caller":"logging/config.go:69","msg":"Fetch GitHub commit ID from kodata failed: \"ref: refs/heads/0.8.0-**-support-backwards-incompats\" is not a valid GitHub commit ID"}
{"level":"info","ts":1582202884.7364316,"logger":"fallback-logger","caller":"git/git.go:103","msg":"Successfully cloned https://github.com/cb-kubecd/bdd-nh-1582202614.git @ v0.0.2 in path /workspace/source"}

Showing logs for build [32mcb-kubecd-bdd-nh-1582202614-mas-4fhlr-2[0m stage [32mfrom-build-pack[0m and container [32mstep-git-merge[0m
Using SHAs from PULL_REFS=master:8a63776e28f508c322fa1d51684ed307ec605555
WARNING: no SHAs to merge, falling back to initial cloned commit

Showing logs for build [32mcb-kubecd-bdd-nh-1582202614-mas-4fhlr-2[0m stage [32mfrom-build-pack[0m and container [32mstep-setup-jx-git-credentials[0m
Generated Git credentials file /workspace/xdg_config/git/credentials

Showing logs for build [32mcb-kubecd-bdd-nh-1582202614-mas-4fhlr-2[0m stage [32mfrom-build-pack[0m and container [32mstep-build-npmrc[0m
Command "credential" is deprecated, it will be removed on Jun 1 2020.  This is replaced by Tekton's mounted secrets
WARNING: failed to find Secret npm-token in namespace **

Showing logs for build [32mcb-kubecd-bdd-nh-1582202614-mas-4fhlr-2[0m stage [32mfrom-build-pack[0m and container [32mstep-build-npm-install[0m
npm notice created a lockfile as package-lock.json. You should commit this file.
npm WARN REPLACE_ME@1.0.0 No repository field.
npm WARN REPLACE_ME@1.0.0 No license field.

up to date in 0.902s
found 0 vulnerabilities


Showing logs for build [32mcb-kubecd-bdd-nh-1582202614-mas-4fhlr-2[0m stage [32mfrom-build-pack[0m and container [32mstep-build-npm-test[0m

> REPLACE_ME@1.0.0 test /workspace/source
> echo "no test specified" && exit 0

no test specified

Showing logs for build [32mcb-kubecd-bdd-nh-1582202614-mas-4fhlr-2[0m stage [32mfrom-build-pack[0m and container [32mstep-build-container-build[0m
[36mINFO[0m[0000] Downloading base image node:9-slim           
ERROR: logging before flag.Parse: E0220 12:48:09.703920      10 metadata.go:142] while reading 'google-dockercfg' metadata: http status code: 404 while fetching url http://metadata.google.internal./computeMetadata/v1/instance/attributes/google-dockercfg
ERROR: logging before flag.Parse: E0220 12:48:09.708303      10 metadata.go:159] while reading 'google-dockercfg-url' metadata: http status code: 404 while fetching url http://metadata.google.internal./computeMetadata/v1/instance/attributes/google-dockercfg-url
2020/02/20 12:48:09 No matching credentials were found, falling back on anonymous
[36mINFO[0m[0001] Error while retrieving image from cache: getting file info: stat /workspace/sha256:0e0175bbe4f8d9d104590d8d2c591017874e30977cb71aaff1cf6fa99479575c: no such file or directory 
[36mINFO[0m[0001] Downloading base image node:9-slim           
2020/02/20 12:48:10 No matching credentials were found, falling back on anonymous
[36mINFO[0m[0002] Executing 0 build triggers                   
[36mINFO[0m[0002] cmd: EXPOSE                                  
[36mINFO[0m[0002] Adding exposed port: 8080/tcp                
[36mINFO[0m[0002] Using files from context: [/workspace/source] 
[36mINFO[0m[0002] Skipping unpacking as no commands require it. 
[36mINFO[0m[0002] Taking snapshot of full filesystem...        
[36mINFO[0m[0002] ENV PORT 8080                                
[36mINFO[0m[0002] No files changed in this command, skipping snapshotting. 
[36mINFO[0m[0002] EXPOSE 8080                                  
[36mINFO[0m[0002] cmd: EXPOSE                                  
[36mINFO[0m[0002] Adding exposed port: 8080/tcp                
[36mINFO[0m[0002] No files changed in this command, skipping snapshotting. 
[36mINFO[0m[0002] WORKDIR /usr/src/app                         
[36mINFO[0m[0002] cmd: workdir                                 
[36mINFO[0m[0002] Changed working directory to /usr/src/app    
[36mINFO[0m[0002] Creating directory /usr/src/app              
[36mINFO[0m[0002] Taking snapshot of files...                  
[36mINFO[0m[0002] Using files from context: [/workspace/source] 
[36mINFO[0m[0002] COPY . .                                     
[36mINFO[0m[0002] Taking snapshot of files...                  
[36mINFO[0m[0002] CMD ["npm", "start"]                         
[36mINFO[0m[0002] No files changed in this command, skipping snapshotting. 
2020/02/20 12:48:12 existing blob: sha256:196b8e3c919d5639193ba6c6e54774528942041bbc37606631a2250502985c3c
2020/02/20 12:48:12 existing blob: sha256:5bba3ecb4cd6374a19da45f2a3db0a9c0804984358b3bb4b666c28944016e5ff
2020/02/20 12:48:12 existing blob: sha256:e01bd28a434b56ffd2a3fe9aa99b9b69aecca69904843edd30b1ee7150d79904
2020/02/20 12:48:12 existing blob: sha256:7d083412657baa2dafba8d093034ef26f9ed2c90fb6ed95f76bb55aff03ed429
2020/02/20 12:48:12 existing blob: sha256:a88538b9cd05cfa611e43a25582a95ad7879f6fa708b0386a26b71ee62235bb3
2020/02/20 12:48:15 pushed blob: sha256:86c613972eb4413c7235e19c733997d507bf55a8c81e82276eb5df063207c6ba
2020/02/20 12:48:15 pushed blob: sha256:38c0132a1fdcfe5d266fcfb2f7e9cef37914068af6c32e1a78f9d114d7c086d6
2020/02/20 12:48:15 pushed blob: sha256:3f1b2715f3ec7ffcb3b2507f41d8ddb70bc79139a6f1b865a58d8ae11e274e5c
2020/02/20 12:48:16 gcr.io/jenkins-x-bdd3/bdd-nh-1582202614:0.0.2: digest: sha256:f1d8484a48d3fe8e3f8ef6e8adfe545577d1d06a1448ef52e99652c81ccdec89 size: 1404

Showing logs for build [32mcb-kubecd-bdd-nh-1582202614-mas-4fhlr-2[0m stage [32mfrom-build-pack[0m and container [32mstep-build-post-build[0m
no CVE provider running in the current ** namespace so skip adding image to be analysed

Showing logs for build [32mcb-kubecd-bdd-nh-1582202614-mas-4fhlr-2[0m stage [32mfrom-build-pack[0m and container [32mstep-promote-changelog[0m
Converted /workspace/source/charts/bdd-nh-1582202614 to an unshallow repository
Generating change log from git ref 9868b98b449073eeed00f703ba3fbfed3a9d95ad => 5eb4d81f8c36e73d51239c90c1bea23dde8c2eae
WARNING: No release found for cb-kubecd/bdd-nh-1582202614 and tag v0.0.2 so creating a new release
Updated the release information at https://github.com/cb-kubecd/bdd-nh-1582202614/releases/tag/v0.0.2
generated: /workspace/source/charts/bdd-nh-1582202614/templates/release.yaml
Created Release bdd-nh-1582202614-0-0-2 resource in namespace **
Updating PipelineActivity cb-kubecd-bdd-nh-1582202614-master-2 with version 0.0.2
Updated PipelineActivities cb-kubecd-bdd-nh-1582202614-master-2 with release notes URL: https://github.com/cb-kubecd/bdd-nh-1582202614/releases/tag/v0.0.2

Showing logs for build [32mcb-kubecd-bdd-nh-1582202614-mas-4fhlr-2[0m stage [32mfrom-build-pack[0m and container [32mstep-promote-helm-release[0m
WARNING: No $CHART_REPOSITORY defined so using the default value of: http://jenkins-x-chartmuseum:8080
Adding missing Helm repo: storage.googleapis.com https://storage.googleapis.com/chartmuseum.jenkins-x.io
WARNING: No secrets found on "helm/repos" due: reading the secret "helm/repos" from vault: no secret "helm/repos" not found in vault
Read credentials for https://storage.googleapis.com/chartmuseum.jenkins-x.io from vault helm/repos
Successfully added Helm repository storage.googleapis.com.
Adding missing Helm repo: jenkins-x-chartmuseum http://jenkins-x-chartmuseum:8080
WARNING: No secrets found on "helm/repos" due: reading the secret "helm/repos" from vault: no secret "helm/repos" not found in vault
Read credentials for http://jenkins-x-chartmuseum:8080 from vault helm/repos
Successfully added Helm repository jenkins-x-chartmuseum.
WARNING: No $CHART_REPOSITORY defined so using the default value of: http://jenkins-x-chartmuseum:8080
Uploading chart file bdd-nh-1582202614-0.0.2.tgz to http://jenkins-x-chartmuseum:8080/api/charts
Received 201 response: {"saved":true}

Showing logs for build [32mcb-kubecd-bdd-nh-1582202614-mas-4fhlr-2[0m stage [32mfrom-build-pack[0m and container [32mstep-promote-jx-promote[0m
WARNING: prow based install so skip waiting for the merge of Pull Requests to go green as currently there is an issue with gettingstatuses from the PR, see https://github.com/jenkins-x/**/issues/2410
WARNING: No $CHART_REPOSITORY defined so using the default value of: http://jenkins-x-chartmuseum:8080
Promoting app bdd-nh-1582202614 version 0.0.2 to namespace **-staging
WARNING: 
Created Pull Request: https://github.com/cb-kubecd/environment-pr-164-21-boot-gke-staging/pull/2
Added label updatebot to Pull Request https://github.com/cb-kubecd/environment-pr-164-21-boot-gke-staging/pull/2
got git provider status pending from PR https://github.com/cb-kubecd/environment-pr-164-21-boot-gke-staging/pull/2
got git provider status pending from PR https://github.com/cb-kubecd/environment-pr-164-21-boot-gke-staging/pull/2
got git provider status pending from PR https://github.com/cb-kubecd/environment-pr-164-21-boot-gke-staging/pull/2
got git provider status pending from PR https://github.com/cb-kubecd/environment-pr-164-21-boot-gke-staging/pull/2
got git provider status pending from PR https://github.com/cb-kubecd/environment-pr-164-21-boot-gke-staging/pull/2
got git provider status pending from PR https://github.com/cb-kubecd/environment-pr-164-21-boot-gke-staging/pull/2
got git provider status pending from PR https://github.com/cb-kubecd/environment-pr-164-21-boot-gke-staging/pull/2
got git provider status pending from PR https://github.com/cb-kubecd/environment-pr-164-21-boot-gke-staging/pull/2
Pull Request https://github.com/cb-kubecd/environment-pr-164-21-boot-gke-staging/pull/2 is merged at sha b21165df8ea1d21839610f23cc5b246c6ba2d098
Pull Request merged but we are not waiting for the update pipeline to complete!
WARNING: Could not find the service URL in namespace **-staging for names bdd-nh-1582202614, **-bdd-nh-1582202614, **-staging-bdd-nh-1582202614
